<?xml version="1.0" encoding="UTF-8"?>
<!-- Generated by org.testng.reporters.JUnitXMLReporter -->
<testsuite hostname="janakiram-MacBook-Air.local" name="solluda" tests="12" failures="0" timestamp="14 Jun 2017 06:14:39 GMT" time="33.154" errors="0">
  <testcase name="Aexecutionoffirst" time="0.002" classname="TestNg2.firstannnotation"/>
  <testcase name="AfterExecution" time="0.0" classname="TestNg2.firstannnotation"/>
  <testcase name="Bexecutionofsecond" time="0.001" classname="TestNg2.firstannnotation"/>
  <testcase name="Cexecutionofthird" time="0.001" classname="TestNg2.firstannnotation"/>
  <testcase name="Dexecutionoffourth" time="0.0" classname="TestNg2.firstannnotation"/>
  <testcase name="Eexecutionoffivth" time="0.001" classname="TestNg2.firstannnotation"/>
  <testcase name="gloabalcallingvariables" time="2.322" classname="TestNg2.firstannnotation"/>
  <testcase name="gloabalcallingvariables" time="2.186" classname="TestNg2.global"/>
  <testcase name="contactustesting" time="9.19" classname="TestNg2.parameters"/>
  <testcase name="contactustesting" time="7.402" classname="TestNg2.parameters"/>
  <testcase name="contactustesting" time="6.996" classname="TestNg2.parameters"/>
  <testcase name="afff" time="0.0" classname="TestNg2.secondannoatation"/>
</testsuite> <!-- solluda -->
