<?xml version="1.0" encoding="UTF-8"?>
<!-- Generated by org.testng.reporters.JUnitXMLReporter -->
<testsuite hostname="janakiram-MacBook-Air.local" name="testingnameone" tests="2" failures="1" timestamp="29 Jul 2017 06:02:44 GMT" time="8.207" errors="0">
  <testcase name="failedmethod" time="3.282" classname="newww.tete">
    <failure type="org.junit.ComparisonFailure" message="expected:&amp;lt;[G]oogle&amp;gt; but was:&amp;lt;[]oogle&amp;gt;">
      <![CDATA[org.junit.ComparisonFailure: expected:<[G]oogle> but was:<[]oogle>
	at org.junit.Assert.assertEquals(Assert.java:115)
	at org.junit.Assert.assertEquals(Assert.java:144)
	at newww.tete.failedmethod(tete.java:33)
	at org.apache.maven.surefire.testng.TestNGExecutor.run(TestNGExecutor.java:283)
	at org.apache.maven.surefire.testng.TestNGXmlTestSuite.execute(TestNGXmlTestSuite.java:75)
	at org.apache.maven.surefire.testng.TestNGProvider.invoke(TestNGProvider.java:120)
	at org.apache.maven.surefire.booter.ForkedBooter.invokeProviderInSameClassLoader(ForkedBooter.java:386)
	at org.apache.maven.surefire.booter.ForkedBooter.runSuitesInProcess(ForkedBooter.java:323)
	at org.apache.maven.surefire.booter.ForkedBooter.main(ForkedBooter.java:143)
... Removed 21 stack frames]]>
    </failure>
  </testcase> <!-- failedmethod -->
  <testcase name="passmethod" time="1.867" classname="newww.tete"/>
</testsuite> <!-- testingnameone -->
