<?xml version="1.0" encoding="UTF-8" ?>
<testsuite tests="13" failures="1" name="newframework.AppTest" time="1.686" errors="0" skipped="12">
  <properties>
[...]
</properties>
  <testcase classname="newframework.AppTest" name="firstexecution" time="0.83">
    <failure message="The path to the driver executable must be set by the webdriver.chrome.driver system property; for more information, see https://github.com/SeleniumHQ/selenium/wiki/ChromeDriver. The latest version can be downloaded from http://chromedriver.storage.googleapis.com/index.html" type="java.lang.IllegalStateException">java.lang.IllegalStateException: The path to the driver executable must be set by the webdriver.chrome.driver system property; for more information, see https://github.com/SeleniumHQ/selenium/wiki/ChromeDriver. The latest version can be downloaded from http://chromedriver.storage.googleapis.com/index.html
	at com.google.common.base.Preconditions.checkState(Preconditions.java:738)
	at org.openqa.selenium.remote.service.DriverService.findExecutable(DriverService.java:124)
	at org.openqa.selenium.chrome.ChromeDriverService.access$000(ChromeDriverService.java:32)
	at org.openqa.selenium.chrome.ChromeDriverService$Builder.findDefaultExecutable(ChromeDriverService.java:137)
	at org.openqa.selenium.remote.service.DriverService$Builder.build(DriverService.java:330)
	at org.openqa.selenium.chrome.ChromeDriverService.createDefaultService(ChromeDriverService.java:88)
	at org.openqa.selenium.chrome.ChromeDriver.&lt;init&gt;(ChromeDriver.java:124)
	at newframework.AppTest.firstexecution(AppTest.java:20)
</failure>
    <system-out>Configuring TestNG with: org.apache.maven.surefire.testng.conf.TestNG652Configurator@368239c8
executed 
</system-out>
  </testcase>
  <testcase classname="newframework.AppTest" name="beforemethodexecution" time="0.849">
    <skipped/>
  </testcase>
  <testcase classname="newframework.AppTest" name="Aexecutionoffirst" time="0.001">
    <skipped/>
  </testcase>
  <testcase classname="newframework.AppTest" name="beforemethodexecution" time="0.001">
    <skipped/>
  </testcase>
  <testcase classname="newframework.AppTest" name="AfterExecution" time="0.001">
    <skipped/>
  </testcase>
  <testcase classname="newframework.AppTest" name="beforemethodexecution" time="0.001">
    <skipped/>
  </testcase>
  <testcase classname="newframework.AppTest" name="Bexecutionofsecond" time="0">
    <skipped/>
  </testcase>
  <testcase classname="newframework.AppTest" name="beforemethodexecution" time="0.001">
    <skipped/>
  </testcase>
  <testcase classname="newframework.AppTest" name="Cexecutionofthird" time="0">
    <skipped/>
  </testcase>
  <testcase classname="newframework.AppTest" name="beforemethodexecution" time="0.001">
    <skipped/>
  </testcase>
  <testcase classname="newframework.AppTest" name="Dexecutionoffourth" time="0">
    <skipped/>
  </testcase>
  <testcase classname="newframework.AppTest" name="beforemethodexecution" time="0.001">
    <skipped/>
  </testcase>
  <testcase classname="newframework.AppTest" name="Eexecutionoffivth" time="0">
    <skipped/>
  </testcase>
</testsuite>