<?xml version="1.0" encoding="UTF-8"?>
<testsuite xmlns:xsi="http://www.w3.org/2001/XMLSchema-instance" xsi:noNamespaceSchemaLocation="https://maven.apache.org/surefire/maven-surefire-plugin/xsd/surefire-test-report.xsd" name="TestSuite" time="8.884" tests="2" errors="0" skipped="0" failures="1">
  <properties>
[...]
</properties>
  <testcase name="failedmethod" classname="newww.tete" time="3.304">
    <failure message="expected:&lt;[G]oogle&gt; but was:&lt;[]oogle&gt;" type="org.junit.ComparisonFailure"><![CDATA[org.junit.ComparisonFailure: expected:<[G]oogle> but was:<[]oogle>
	at newww.tete.failedmethod(tete.java:33)
]]></failure>
    <system-err><![CDATA[Starting ChromeDriver 2.27.440174 (e97a722caafc2d3a8b807ee115bfb307f7d2cfd9) on port 24318
Only local connections are allowed.
Jul 29, 2017 11:32:38 AM org.openqa.selenium.remote.ProtocolHandshake createSession
INFO: Detected dialect: OSS
]]></system-err>
  </testcase>
  <testcase name="passmethod" classname="newww.tete" time="1.866"/>
</testsuite>