<?xml version="1.0" encoding="UTF-8"?>
<testng-results skipped="0" failed="1" total="2" passed="1">
  <reporter-output>
  </reporter-output>
  <suite name="newsuite" duration-ms="8207" started-at="2017-07-29T06:02:36Z" finished-at="2017-07-29T06:02:44Z">
    <groups>
    </groups>
    <test name="testingnameone" duration-ms="8207" started-at="2017-07-29T06:02:36Z" finished-at="2017-07-29T06:02:44Z">
      <class name="newww.tete">
        <test-method status="PASS" signature="slinks()[pri:0, instance:newww.tete@6615435c]" name="slinks" is-config="true" duration-ms="1901" started-at="2017-07-29T11:32:36Z" finished-at="2017-07-29T11:32:38Z">
          <reporter-output>
          </reporter-output>
        </test-method> <!-- slinks -->
        <test-method status="FAIL" signature="failedmethod()[pri:0, instance:newww.tete@6615435c]" name="failedmethod" duration-ms="3282" started-at="2017-07-29T11:32:38Z" finished-at="2017-07-29T11:32:41Z">
          <exception class="org.junit.ComparisonFailure">
            <message>
              <![CDATA[expected:<[G]oogle> but was:<[]oogle>]]>
            </message>
            <full-stacktrace>
              <![CDATA[org.junit.ComparisonFailure: expected:<[G]oogle> but was:<[]oogle>
	at org.junit.Assert.assertEquals(Assert.java:115)
	at org.junit.Assert.assertEquals(Assert.java:144)
	at newww.tete.failedmethod(tete.java:33)
	at sun.reflect.NativeMethodAccessorImpl.invoke0(Native Method)
	at sun.reflect.NativeMethodAccessorImpl.invoke(NativeMethodAccessorImpl.java:62)
	at sun.reflect.DelegatingMethodAccessorImpl.invoke(DelegatingMethodAccessorImpl.java:43)
	at java.lang.reflect.Method.invoke(Method.java:498)
	at org.testng.internal.MethodInvocationHelper.invokeMethod(MethodInvocationHelper.java:80)
	at org.testng.internal.Invoker.invokeMethod(Invoker.java:714)
	at org.testng.internal.Invoker.invokeTestMethod(Invoker.java:901)
	at org.testng.internal.Invoker.invokeTestMethods(Invoker.java:1231)
	at org.testng.internal.TestMethodWorker.invokeTestMethods(TestMethodWorker.java:127)
	at org.testng.internal.TestMethodWorker.run(TestMethodWorker.java:111)
	at org.testng.TestRunner.privateRun(TestRunner.java:767)
	at org.testng.TestRunner.run(TestRunner.java:617)
	at org.testng.SuiteRunner.runTest(SuiteRunner.java:334)
	at org.testng.SuiteRunner.runSequentially(SuiteRunner.java:329)
	at org.testng.SuiteRunner.privateRun(SuiteRunner.java:291)
	at org.testng.SuiteRunner.run(SuiteRunner.java:240)
	at org.testng.SuiteRunnerWorker.runSuite(SuiteRunnerWorker.java:52)
	at org.testng.SuiteRunnerWorker.run(SuiteRunnerWorker.java:86)
	at org.testng.TestNG.runSuitesSequentially(TestNG.java:1198)
	at org.testng.TestNG.runSuitesLocally(TestNG.java:1123)
	at org.testng.TestNG.run(TestNG.java:1031)
	at org.apache.maven.surefire.testng.TestNGExecutor.run(TestNGExecutor.java:283)
	at org.apache.maven.surefire.testng.TestNGXmlTestSuite.execute(TestNGXmlTestSuite.java:75)
	at org.apache.maven.surefire.testng.TestNGProvider.invoke(TestNGProvider.java:120)
	at org.apache.maven.surefire.booter.ForkedBooter.invokeProviderInSameClassLoader(ForkedBooter.java:386)
	at org.apache.maven.surefire.booter.ForkedBooter.runSuitesInProcess(ForkedBooter.java:323)
	at org.apache.maven.surefire.booter.ForkedBooter.main(ForkedBooter.java:143)
]]>
            </full-stacktrace>
          </exception> <!-- org.junit.ComparisonFailure -->
          <reporter-output>
          </reporter-output>
        </test-method> <!-- failedmethod -->
        <test-method status="PASS" signature="slinks()[pri:0, instance:newww.tete@6615435c]" name="slinks" is-config="true" duration-ms="1124" started-at="2017-07-29T11:32:41Z" finished-at="2017-07-29T11:32:42Z">
          <reporter-output>
          </reporter-output>
        </test-method> <!-- slinks -->
        <test-method status="PASS" signature="passmethod()[pri:0, instance:newww.tete@6615435c]" name="passmethod" duration-ms="1867" started-at="2017-07-29T11:32:42Z" finished-at="2017-07-29T11:32:44Z">
          <reporter-output>
          </reporter-output>
        </test-method> <!-- passmethod -->
      </class> <!-- newww.tete -->
    </test> <!-- testingnameone -->
  </suite> <!-- newsuite -->
</testng-results>
