<?xml version="1.0" encoding="UTF-8"?>
<testng-results skipped="0" failed="1" ignored="0" total="2" passed="1">
  <reporter-output>
  </reporter-output>
  <suite name="Default suite" duration-ms="8574" started-at="2017-07-26T13:53:29Z" finished-at="2017-07-26T13:53:38Z">
    <groups>
    </groups>
    <test name="Default test" duration-ms="8574" started-at="2017-07-26T13:53:29Z" finished-at="2017-07-26T13:53:38Z">
      <class name="newww.tete">
        <test-method status="PASS" signature="slinks()[pri:0, instance:newww.tete@4dfa3a9d]" name="slinks" is-config="true" duration-ms="3281" started-at="2017-07-26T19:23:29Z" finished-at="2017-07-26T19:23:33Z">
          <reporter-output>
          </reporter-output>
        </test-method> <!-- slinks -->
        <test-method status="FAIL" signature="failed()[pri:0, instance:newww.tete@4dfa3a9d]" name="failed" duration-ms="1843" started-at="2017-07-26T19:23:33Z" finished-at="2017-07-26T19:23:34Z">
          <exception class="org.junit.ComparisonFailure">
            <message>
              <![CDATA[expected:<[G]oogle> but was:<[]oogle>]]>
            </message>
            <full-stacktrace>
              <![CDATA[org.junit.ComparisonFailure: expected:<[G]oogle> but was:<[]oogle>
	at org.junit.Assert.assertEquals(Assert.java:115)
	at org.junit.Assert.assertEquals(Assert.java:144)
	at newww.tete.failed(tete.java:32)
	at sun.reflect.NativeMethodAccessorImpl.invoke0(Native Method)
	at sun.reflect.NativeMethodAccessorImpl.invoke(NativeMethodAccessorImpl.java:62)
	at sun.reflect.DelegatingMethodAccessorImpl.invoke(DelegatingMethodAccessorImpl.java:43)
	at java.lang.reflect.Method.invoke(Method.java:498)
	at org.testng.internal.MethodInvocationHelper.invokeMethod(MethodInvocationHelper.java:108)
	at org.testng.internal.Invoker.invokeMethod(Invoker.java:661)
	at org.testng.internal.Invoker.invokeTestMethod(Invoker.java:869)
	at org.testng.internal.Invoker.invokeTestMethods(Invoker.java:1193)
	at org.testng.internal.TestMethodWorker.invokeTestMethods(TestMethodWorker.java:126)
	at org.testng.internal.TestMethodWorker.run(TestMethodWorker.java:109)
	at org.testng.TestRunner.privateRun(TestRunner.java:744)
	at org.testng.TestRunner.run(TestRunner.java:602)
	at org.testng.SuiteRunner.runTest(SuiteRunner.java:380)
	at org.testng.SuiteRunner.runSequentially(SuiteRunner.java:375)
	at org.testng.SuiteRunner.privateRun(SuiteRunner.java:340)
	at org.testng.SuiteRunner.run(SuiteRunner.java:289)
	at org.testng.SuiteRunnerWorker.runSuite(SuiteRunnerWorker.java:52)
	at org.testng.SuiteRunnerWorker.run(SuiteRunnerWorker.java:86)
	at org.testng.TestNG.runSuitesSequentially(TestNG.java:1301)
	at org.testng.TestNG.runSuitesLocally(TestNG.java:1226)
	at org.testng.TestNG.runSuites(TestNG.java:1144)
	at org.testng.TestNG.run(TestNG.java:1115)
	at org.testng.remote.AbstractRemoteTestNG.run(AbstractRemoteTestNG.java:132)
	at org.testng.remote.RemoteTestNG.initAndRun(RemoteTestNG.java:230)
	at org.testng.remote.RemoteTestNG.main(RemoteTestNG.java:76)
]]>
            </full-stacktrace>
          </exception> <!-- org.junit.ComparisonFailure -->
          <reporter-output>
          </reporter-output>
        </test-method> <!-- failed -->
        <test-method status="PASS" signature="slinks()[pri:0, instance:newww.tete@4dfa3a9d]" name="slinks" is-config="true" duration-ms="1096" started-at="2017-07-26T19:23:34Z" finished-at="2017-07-26T19:23:36Z">
          <reporter-output>
          </reporter-output>
        </test-method> <!-- slinks -->
        <test-method status="PASS" signature="passmethod()[pri:0, instance:newww.tete@4dfa3a9d]" name="passmethod" duration-ms="2295" started-at="2017-07-26T19:23:36Z" finished-at="2017-07-26T19:23:38Z">
          <reporter-output>
          </reporter-output>
        </test-method> <!-- passmethod -->
      </class> <!-- newww.tete -->
    </test> <!-- Default test -->
  </suite> <!-- Default suite -->
</testng-results>
